<?xml version="1.0" encoding="UTF-8"?>
<testsuites name="User Management" time="118.371" tests="7" failures="0" errors="0">
   <testsuite name="User Management" tests="7" failures="0" errors="0" time="118.371" skipped="0" timestamp="12-02-2024T11:09:39" hostname="rizky - Rizky" id="Test Suites/User Management">
      <properties>
         <property name="deviceName" value=""/>
         <property name="devicePlatform" value=""/>
         <property name="logFolder" value="C:\\Users\\rizky\\git\\FinalProject\\Reports\\20240212_110936\\User Management\\20240212_110936"/>
         <property name="logFiles" value="C:\\Users\\rizky\\git\\FinalProject\\Reports\\20240212_110936\\User Management\\20240212_110936\\execution0.log"/>
         <property name="attachments" value="C:\\Users\\rizky\\git\\FinalProject\\Reports\\20240212_110936\\User Management\\20240212_110936\\1707711023453.png, C:\\Users\\rizky\\git\\FinalProject\\Reports\\20240212_110936\\User Management\\20240212_110936\\1707711041799.png"/>
         <property name="hostName" value="rizky - Rizky"/>
         <property name="os" value="Windows 11 64bit"/>
         <property name="katalonVersion" value="9.3.0.212"/>
         <property name="browser" value="Chrome 121.0.0.0"/>
         <property name="hostAddress" value="172.16.213.208"/>
         <property name="sessionId" value="d466192b77fff7384679b0a2c7532c3f"/>
         <property name="seleniumVersion" value="3.141.59"/>
         <property name="proxyInformation" value="ProxyInformation { proxyOption=NO_PROXY, proxyServerType=HTTP, username=, password=********, proxyServerAddress=, proxyServerPort=0, executionList=&quot;&quot;, isApplyToDesiredCapabilities=true }"/>
         <property name="platform" value="Windows 11"/>
      </properties>
      <testcase name="Test Cases/Registration" time="19.988" classname="Test Cases/Registration" status="PASSED">
         <system-out><![CDATA[12-02-2024T11:09:39 - [TEST_CASE][PASSED] - Test Cases/Registration: Test Cases/Registration

12-02-2024T11:09:40 - [TEST_STEP][PASSED] - openBrowser(""): Browser is opened with url: ''

12-02-2024T11:09:40 - [MESSAGE][INFO] - Starting 'Chrome' driver

12-02-2024T11:09:40 - [MESSAGE][INFO] - Action delay is set to 0 milliseconds

12-02-2024T11:09:41 - [MESSAGE][PASSED] - Browser is opened with url: ''

12-02-2024T11:09:41 - [TEST_STEP][PASSED] - navigateToUrl(url): Navigate to 'https://advantageonlineshopping.com/#/' successfully

12-02-2024T11:09:44 - [MESSAGE][PASSED] - Navigate to 'https://advantageonlineshopping.com/#/' successfully

12-02-2024T11:09:44 - [TEST_STEP][PASSED] - click(findTestObject("Object Repository/Register/Page_Advantage Shopping/svg_CHECKOUT  (0.00)_menuUser")): Object: 'Object Repository/Register/Page_Advantage Shopping/svg_CHECKOUT  (0.00)_menuUser' is clicked on

12-02-2024T11:09:50 - [MESSAGE][PASSED] - Object: 'Object Repository/Register/Page_Advantage Shopping/svg_CHECKOUT  (0.00)_menuUser' is clicked on

12-02-2024T11:09:50 - [TEST_STEP][PASSED] - click(findTestObject("Object Repository/Register/Page_Advantage Shopping/a_CREATE NEW ACCOUNT")): Object: 'Object Repository/Register/Page_Advantage Shopping/a_CREATE NEW ACCOUNT' is clicked on

12-02-2024T11:09:51 - [MESSAGE][PASSED] - Object: 'Object Repository/Register/Page_Advantage Shopping/a_CREATE NEW ACCOUNT' is clicked on

12-02-2024T11:09:51 - [TEST_STEP][PASSED] - setText(findTestObject("Object Repository/Register/Page_Advantage Shopping/input__usernameRegisterPage"), Username): Text 'Cikal1' is set on object 'Object Repository/Register/Page_Advantage Shopping/input__usernameRegisterPage'

12-02-2024T11:09:52 - [MESSAGE][PASSED] - Text 'Cikal1' is set on object 'Object Repository/Register/Page_Advantage Shopping/input__usernameRegisterPage'

12-02-2024T11:09:52 - [TEST_STEP][PASSED] - setText(findTestObject("Object Repository/Register/Page_Advantage Shopping/input_Email_emailRegisterPage"), Email): Text 'cikalkun12@gmail.com' is set on object 'Object Repository/Register/Page_Advantage Shopping/input_Email_emailRegisterPage'

12-02-2024T11:09:53 - [MESSAGE][PASSED] - Text 'cikalkun12@gmail.com' is set on object 'Object Repository/Register/Page_Advantage Shopping/input_Email_emailRegisterPage'

12-02-2024T11:09:53 - [TEST_STEP][PASSED] - setText(findTestObject("Object Repository/Register/Page_Advantage Shopping/input__passwordRegisterPage"), Password): Text 'Cikal123' is set on object 'Object Repository/Register/Page_Advantage Shopping/input__passwordRegisterPage'

12-02-2024T11:09:54 - [MESSAGE][PASSED] - Text 'Cikal123' is set on object 'Object Repository/Register/Page_Advantage Shopping/input__passwordRegisterPage'

12-02-2024T11:09:54 - [TEST_STEP][PASSED] - setText(findTestObject("Object Repository/Register/Page_Advantage Shopping/input__confirm_passwordRegisterPage"), Confirm_Password): Text 'Cikal123' is set on object 'Object Repository/Register/Page_Advantage Shopping/input__confirm_passwordRegisterPage'

12-02-2024T11:09:56 - [MESSAGE][PASSED] - Text 'Cikal123' is set on object 'Object Repository/Register/Page_Advantage Shopping/input__confirm_passwordRegisterPage'

12-02-2024T11:09:56 - [TEST_STEP][PASSED] - username = getAttribute(findTestObject("Object Repository/Register/Page_Advantage Shopping/input__usernameRegisterPage"), "value"): Attribute 'value' of object 'Object Repository/Register/Page_Advantage Shopping/input__usernameRegisterPage' is: 'Cikal1'

12-02-2024T11:09:56 - [MESSAGE][PASSED] - Attribute 'value' of object 'Object Repository/Register/Page_Advantage Shopping/input__usernameRegisterPage' is: 'Cikal1'

12-02-2024T11:09:56 - [TEST_STEP][PASSED] - email = getAttribute(findTestObject("Object Repository/Register/Page_Advantage Shopping/input_Email_emailRegisterPage"), "value"): Attribute 'value' of object 'Object Repository/Register/Page_Advantage Shopping/input_Email_emailRegisterPage' is: 'cikalkun12@gmail.com'

12-02-2024T11:09:57 - [MESSAGE][PASSED] - Attribute 'value' of object 'Object Repository/Register/Page_Advantage Shopping/input_Email_emailRegisterPage' is: 'cikalkun12@gmail.com'

12-02-2024T11:09:57 - [TEST_STEP][PASSED] - password = getAttribute(findTestObject("Object Repository/Register/Page_Advantage Shopping/input__passwordRegisterPage"), "value"): Attribute 'value' of object 'Object Repository/Register/Page_Advantage Shopping/input__passwordRegisterPage' is: 'Cikal123'

12-02-2024T11:09:57 - [MESSAGE][PASSED] - Attribute 'value' of object 'Object Repository/Register/Page_Advantage Shopping/input__passwordRegisterPage' is: 'Cikal123'

12-02-2024T11:09:57 - [TEST_STEP][PASSED] - ConfirmPassword = getAttribute(findTestObject("Object Repository/Register/Page_Advantage Shopping/input__confirm_passwordRegisterPage"), "value"): Attribute 'value' of object 'Object Repository/Register/Page_Advantage Shopping/input__confirm_passwordRegisterPage' is: 'Cikal123'

12-02-2024T11:09:57 - [MESSAGE][PASSED] - Attribute 'value' of object 'Object Repository/Register/Page_Advantage Shopping/input__confirm_passwordRegisterPage' is: 'Cikal123'

12-02-2024T11:09:57 - [TEST_STEP][PASSED] - if (username != "" && email != "" && password != "" && ConfirmPassword != ""): Object: 'Object Repository/Register/Page_Advantage Shopping/button_REGISTER' is clicked on

12-02-2024T11:09:57 - [TEST_STEP][PASSED] - check(findTestObject("Object Repository/Register/Page_Advantage Shopping/Page_Advantage Shopping/input_Receive exclusive offers and promotions from Advantage_i_agree")): Object 'Object Repository/Register/Page_Advantage Shopping/Page_Advantage Shopping/input_Receive exclusive offers and promotions from Advantage_i_agree' is checked

12-02-2024T11:09:58 - [MESSAGE][PASSED] - Object 'Object Repository/Register/Page_Advantage Shopping/Page_Advantage Shopping/input_Receive exclusive offers and promotions from Advantage_i_agree' is checked

12-02-2024T11:09:58 - [TEST_STEP][PASSED] - click(findTestObject("Object Repository/Register/Page_Advantage Shopping/button_REGISTER")): Object: 'Object Repository/Register/Page_Advantage Shopping/button_REGISTER' is clicked on

12-02-2024T11:09:58 - [MESSAGE][PASSED] - Object: 'Object Repository/Register/Page_Advantage Shopping/button_REGISTER' is clicked on

12-02-2024T11:09:58 - [TEST_STEP][PASSED] - verif = verifyElementVisible(findTestObject("Object Repository/Register/Page_Advantage Shopping/namaakun"), OPTIONAL): Object 'Object Repository/Register/Page_Advantage Shopping/namaakun' is visible

12-02-2024T11:09:59 - [MESSAGE][PASSED] - Object 'Object Repository/Register/Page_Advantage Shopping/namaakun' is visible

12-02-2024T11:09:59 - [TEST_STEP][PASSED] - if (verif): null

12-02-2024T11:09:59 - [TEST_STEP][PASSED] - println("Akun berhasil didaftarkan"): null]]></system-out>
         <system-err><![CDATA[]]></system-err>
      </testcase>
      <testcase name="Test Cases/Registration" time="23.564" classname="Test Cases/Registration" status="PASSED">
         <system-out><![CDATA[12-02-2024T11:10:00 - [TEST_CASE][PASSED] - Test Cases/Registration: Test Cases/Registration

12-02-2024T11:10:00 - [TEST_STEP][PASSED] - openBrowser(""): Browser is opened with url: ''

12-02-2024T11:10:00 - [MESSAGE][WARNING] - A browser is already opened. Closing browser and opening a new one

12-02-2024T11:10:00 - [MESSAGE][INFO] - Starting 'Chrome' driver

12-02-2024T11:10:00 - [MESSAGE][INFO] - Action delay is set to 0 milliseconds

12-02-2024T11:10:00 - [MESSAGE][PASSED] - Browser is opened with url: ''

12-02-2024T11:10:00 - [TEST_STEP][PASSED] - navigateToUrl(url): Navigate to 'https://advantageonlineshopping.com/#/' successfully

12-02-2024T11:10:04 - [MESSAGE][PASSED] - Navigate to 'https://advantageonlineshopping.com/#/' successfully

12-02-2024T11:10:04 - [TEST_STEP][PASSED] - click(findTestObject("Object Repository/Register/Page_Advantage Shopping/svg_CHECKOUT  (0.00)_menuUser")): Object: 'Object Repository/Register/Page_Advantage Shopping/svg_CHECKOUT  (0.00)_menuUser' is clicked on

12-02-2024T11:10:10 - [MESSAGE][PASSED] - Object: 'Object Repository/Register/Page_Advantage Shopping/svg_CHECKOUT  (0.00)_menuUser' is clicked on

12-02-2024T11:10:10 - [TEST_STEP][PASSED] - click(findTestObject("Object Repository/Register/Page_Advantage Shopping/a_CREATE NEW ACCOUNT")): Object: 'Object Repository/Register/Page_Advantage Shopping/a_CREATE NEW ACCOUNT' is clicked on

12-02-2024T11:10:11 - [MESSAGE][PASSED] - Object: 'Object Repository/Register/Page_Advantage Shopping/a_CREATE NEW ACCOUNT' is clicked on

12-02-2024T11:10:11 - [TEST_STEP][PASSED] - setText(findTestObject("Object Repository/Register/Page_Advantage Shopping/input__usernameRegisterPage"), Username): Text 'Fariz123' is set on object 'Object Repository/Register/Page_Advantage Shopping/input__usernameRegisterPage'

12-02-2024T11:10:17 - [MESSAGE][PASSED] - Text 'Fariz123' is set on object 'Object Repository/Register/Page_Advantage Shopping/input__usernameRegisterPage'

12-02-2024T11:10:17 - [TEST_STEP][PASSED] - setText(findTestObject("Object Repository/Register/Page_Advantage Shopping/input_Email_emailRegisterPage"), Email): Text 'Fariz12' is set on object 'Object Repository/Register/Page_Advantage Shopping/input_Email_emailRegisterPage'

12-02-2024T11:10:18 - [MESSAGE][PASSED] - Text 'Fariz12' is set on object 'Object Repository/Register/Page_Advantage Shopping/input_Email_emailRegisterPage'

12-02-2024T11:10:18 - [TEST_STEP][PASSED] - setText(findTestObject("Object Repository/Register/Page_Advantage Shopping/input__passwordRegisterPage"), Password): Text 'Fariz123' is set on object 'Object Repository/Register/Page_Advantage Shopping/input__passwordRegisterPage'

12-02-2024T11:10:19 - [MESSAGE][PASSED] - Text 'Fariz123' is set on object 'Object Repository/Register/Page_Advantage Shopping/input__passwordRegisterPage'

12-02-2024T11:10:19 - [TEST_STEP][PASSED] - setText(findTestObject("Object Repository/Register/Page_Advantage Shopping/input__confirm_passwordRegisterPage"), Confirm_Password): Text 'Fariz123' is set on object 'Object Repository/Register/Page_Advantage Shopping/input__confirm_passwordRegisterPage'

12-02-2024T11:10:20 - [MESSAGE][PASSED] - Text 'Fariz123' is set on object 'Object Repository/Register/Page_Advantage Shopping/input__confirm_passwordRegisterPage'

12-02-2024T11:10:20 - [TEST_STEP][PASSED] - username = getAttribute(findTestObject("Object Repository/Register/Page_Advantage Shopping/input__usernameRegisterPage"), "value"): Attribute 'value' of object 'Object Repository/Register/Page_Advantage Shopping/input__usernameRegisterPage' is: 'Fariz123'

12-02-2024T11:10:20 - [MESSAGE][PASSED] - Attribute 'value' of object 'Object Repository/Register/Page_Advantage Shopping/input__usernameRegisterPage' is: 'Fariz123'

12-02-2024T11:10:20 - [TEST_STEP][PASSED] - email = getAttribute(findTestObject("Object Repository/Register/Page_Advantage Shopping/input_Email_emailRegisterPage"), "value"): Attribute 'value' of object 'Object Repository/Register/Page_Advantage Shopping/input_Email_emailRegisterPage' is: 'Fariz12'

12-02-2024T11:10:21 - [MESSAGE][PASSED] - Attribute 'value' of object 'Object Repository/Register/Page_Advantage Shopping/input_Email_emailRegisterPage' is: 'Fariz12'

12-02-2024T11:10:21 - [TEST_STEP][PASSED] - password = getAttribute(findTestObject("Object Repository/Register/Page_Advantage Shopping/input__passwordRegisterPage"), "value"): Attribute 'value' of object 'Object Repository/Register/Page_Advantage Shopping/input__passwordRegisterPage' is: 'Fariz123'

12-02-2024T11:10:21 - [MESSAGE][PASSED] - Attribute 'value' of object 'Object Repository/Register/Page_Advantage Shopping/input__passwordRegisterPage' is: 'Fariz123'

12-02-2024T11:10:21 - [TEST_STEP][PASSED] - ConfirmPassword = getAttribute(findTestObject("Object Repository/Register/Page_Advantage Shopping/input__confirm_passwordRegisterPage"), "value"): Attribute 'value' of object 'Object Repository/Register/Page_Advantage Shopping/input__confirm_passwordRegisterPage' is: 'Fariz123'

12-02-2024T11:10:22 - [MESSAGE][PASSED] - Attribute 'value' of object 'Object Repository/Register/Page_Advantage Shopping/input__confirm_passwordRegisterPage' is: 'Fariz123'

12-02-2024T11:10:22 - [TEST_STEP][PASSED] - if (username != "" && email != "" && password != "" && ConfirmPassword != ""): Object: 'Object Repository/Register/Page_Advantage Shopping/button_REGISTER' is clicked on

12-02-2024T11:10:22 - [TEST_STEP][PASSED] - check(findTestObject("Object Repository/Register/Page_Advantage Shopping/Page_Advantage Shopping/input_Receive exclusive offers and promotions from Advantage_i_agree")): Object 'Object Repository/Register/Page_Advantage Shopping/Page_Advantage Shopping/input_Receive exclusive offers and promotions from Advantage_i_agree' is checked

12-02-2024T11:10:22 - [MESSAGE][PASSED] - Object 'Object Repository/Register/Page_Advantage Shopping/Page_Advantage Shopping/input_Receive exclusive offers and promotions from Advantage_i_agree' is checked

12-02-2024T11:10:22 - [TEST_STEP][PASSED] - click(findTestObject("Object Repository/Register/Page_Advantage Shopping/button_REGISTER")): Object: 'Object Repository/Register/Page_Advantage Shopping/button_REGISTER' is clicked on

12-02-2024T11:10:22 - [MESSAGE][PASSED] - Object: 'Object Repository/Register/Page_Advantage Shopping/button_REGISTER' is clicked on

12-02-2024T11:10:22 - [TEST_STEP][PASSED] - verif = verifyElementVisible(findTestObject("Object Repository/Register/Page_Advantage Shopping/namaakun"), OPTIONAL): Object 'Object Repository/Register/Page_Advantage Shopping/namaakun' is NOT visible (Root cause: com.kms.katalon.core.exception.StepFailedException: Object 'Object Repository/Register/Page_Advantage Shopping/namaakun' is NOT visible
	at com.kms.katalon.core.webui.keyword.internal.WebUIKeywordMain.stepFailed(WebUIKeywordMain.groovy:64)
	at com.kms.katalon.core.webui.keyword.builtin.VerifyElementVisibleKeyword$_verifyElementVisible_closure1.doCall(VerifyElementVisibleKeyword.groovy:83)
	at com.kms.katalon.core.webui.keyword.builtin.VerifyElementVisibleKeyword$_verifyElementVisible_closure1.call(VerifyElementVisibleKeyword.groovy)
	at com.kms.katalon.core.webui.keyword.internal.WebUIKeywordMain.runKeyword(WebUIKeywordMain.groovy:20)
	at com.kms.katalon.core.webui.keyword.builtin.VerifyElementVisibleKeyword.verifyElementVisible(VerifyElementVisibleKeyword.groovy:97)
	at com.kms.katalon.core.webui.keyword.builtin.VerifyElementVisibleKeyword.execute(VerifyElementVisibleKeyword.groovy:67)
	at com.kms.katalon.core.keyword.internal.KeywordExecutor.executeKeywordForPlatform(KeywordExecutor.groovy:74)
	at com.kms.katalon.core.webui.keyword.WebUiBuiltInKeywords.verifyElementVisible(WebUiBuiltInKeywords.groovy:401)
	at Registration.run(Registration:56)
	at com.kms.katalon.core.main.ScriptEngine.run(ScriptEngine.java:194)
	at com.kms.katalon.core.main.ScriptEngine.runScriptAsRawText(ScriptEngine.java:119)
	at com.kms.katalon.core.main.TestCaseExecutor.runScript(TestCaseExecutor.java:448)
	at com.kms.katalon.core.main.TestCaseExecutor.doExecute(TestCaseExecutor.java:439)
	at com.kms.katalon.core.main.TestCaseExecutor.processExecutionPhase(TestCaseExecutor.java:418)
	at com.kms.katalon.core.main.TestCaseExecutor.accessMainPhase(TestCaseExecutor.java:410)
	at com.kms.katalon.core.main.TestCaseExecutor.execute(TestCaseExecutor.java:285)
	at com.kms.katalon.core.common.CommonExecutor.accessTestCaseMainPhase(CommonExecutor.java:65)
	at com.kms.katalon.core.main.TestSuiteExecutor.accessTestSuiteMainPhase(TestSuiteExecutor.java:148)
	at com.kms.katalon.core.main.TestSuiteExecutor.execute(TestSuiteExecutor.java:106)
	at com.kms.katalon.core.main.TestCaseMain.startTestSuite(TestCaseMain.java:180)
	at TempTestSuite1707710976568.run(TempTestSuite1707710976568.groovy:36)
	at java.base/jdk.internal.reflect.NativeMethodAccessorImpl.invoke0(Native Method)
	at java.base/jdk.internal.reflect.NativeMethodAccessorImpl.invoke(NativeMethodAccessorImpl.java:77)
	at java.base/jdk.internal.reflect.DelegatingMethodAccessorImpl.invoke(DelegatingMethodAccessorImpl.java:43)
)

12-02-2024T11:10:23 - [MESSAGE][WARNING] - Object 'Object Repository/Register/Page_Advantage Shopping/namaakun' is NOT visible (Root cause: com.kms.katalon.core.exception.StepFailedException: Object 'Object Repository/Register/Page_Advantage Shopping/namaakun' is NOT visible
	at com.kms.katalon.core.webui.keyword.internal.WebUIKeywordMain.stepFailed(WebUIKeywordMain.groovy:64)
	at com.kms.katalon.core.webui.keyword.builtin.VerifyElementVisibleKeyword$_verifyElementVisible_closure1.doCall(VerifyElementVisibleKeyword.groovy:83)
	at com.kms.katalon.core.webui.keyword.builtin.VerifyElementVisibleKeyword$_verifyElementVisible_closure1.call(VerifyElementVisibleKeyword.groovy)
	at com.kms.katalon.core.webui.keyword.internal.WebUIKeywordMain.runKeyword(WebUIKeywordMain.groovy:20)
	at com.kms.katalon.core.webui.keyword.builtin.VerifyElementVisibleKeyword.verifyElementVisible(VerifyElementVisibleKeyword.groovy:97)
	at com.kms.katalon.core.webui.keyword.builtin.VerifyElementVisibleKeyword.execute(VerifyElementVisibleKeyword.groovy:67)
	at com.kms.katalon.core.keyword.internal.KeywordExecutor.executeKeywordForPlatform(KeywordExecutor.groovy:74)
	at com.kms.katalon.core.webui.keyword.WebUiBuiltInKeywords.verifyElementVisible(WebUiBuiltInKeywords.groovy:401)
	at Registration.run(Registration:56)
	at com.kms.katalon.core.main.ScriptEngine.run(ScriptEngine.java:194)
	at com.kms.katalon.core.main.ScriptEngine.runScriptAsRawText(ScriptEngine.java:119)
	at com.kms.katalon.core.main.TestCaseExecutor.runScript(TestCaseExecutor.java:448)
	at com.kms.katalon.core.main.TestCaseExecutor.doExecute(TestCaseExecutor.java:439)
	at com.kms.katalon.core.main.TestCaseExecutor.processExecutionPhase(TestCaseExecutor.java:418)
	at com.kms.katalon.core.main.TestCaseExecutor.accessMainPhase(TestCaseExecutor.java:410)
	at com.kms.katalon.core.main.TestCaseExecutor.execute(TestCaseExecutor.java:285)
	at com.kms.katalon.core.common.CommonExecutor.accessTestCaseMainPhase(CommonExecutor.java:65)
	at com.kms.katalon.core.main.TestSuiteExecutor.accessTestSuiteMainPhase(TestSuiteExecutor.java:148)
	at com.kms.katalon.core.main.TestSuiteExecutor.execute(TestSuiteExecutor.java:106)
	at com.kms.katalon.core.main.TestCaseMain.startTestSuite(TestCaseMain.java:180)
	at TempTestSuite1707710976568.run(TempTestSuite1707710976568.groovy:36)
	at java.base/jdk.internal.reflect.NativeMethodAccessorImpl.invoke0(Native Method)
	at java.base/jdk.internal.reflect.NativeMethodAccessorImpl.invoke(NativeMethodAccessorImpl.java:77)
	at java.base/jdk.internal.reflect.DelegatingMethodAccessorImpl.invoke(DelegatingMethodAccessorImpl.java:43)
)
[[ATTACHMENT|C:\\Users\\rizky\\git\\FinalProject\\Reports\\20240212_110936\\User Management\\20240212_110936\\1707711023453.png]]

12-02-2024T11:10:23 - [TEST_STEP][PASSED] - if (verif): null

12-02-2024T11:10:23 - [TEST_STEP][PASSED] - else: null

12-02-2024T11:10:23 - [TEST_STEP][PASSED] - println("Akun sudah terdaftar, silahkan login atau klik lupa password"): null]]></system-out>
         <system-err><![CDATA[]]></system-err>
      </testcase>
      <testcase name="Test Cases/Registration" time="18.32" classname="Test Cases/Registration" status="PASSED">
         <system-out><![CDATA[12-02-2024T11:10:23 - [TEST_CASE][PASSED] - Test Cases/Registration: Test Cases/Registration

12-02-2024T11:10:23 - [TEST_STEP][PASSED] - openBrowser(""): Browser is opened with url: ''

12-02-2024T11:10:23 - [MESSAGE][WARNING] - A browser is already opened. Closing browser and opening a new one

12-02-2024T11:10:23 - [MESSAGE][INFO] - Starting 'Chrome' driver

12-02-2024T11:10:23 - [MESSAGE][INFO] - Action delay is set to 0 milliseconds

12-02-2024T11:10:24 - [MESSAGE][PASSED] - Browser is opened with url: ''

12-02-2024T11:10:24 - [TEST_STEP][PASSED] - navigateToUrl(url): Navigate to 'https://advantageonlineshopping.com/#/' successfully

12-02-2024T11:10:27 - [MESSAGE][PASSED] - Navigate to 'https://advantageonlineshopping.com/#/' successfully

12-02-2024T11:10:27 - [TEST_STEP][PASSED] - click(findTestObject("Object Repository/Register/Page_Advantage Shopping/svg_CHECKOUT  (0.00)_menuUser")): Object: 'Object Repository/Register/Page_Advantage Shopping/svg_CHECKOUT  (0.00)_menuUser' is clicked on

12-02-2024T11:10:32 - [MESSAGE][PASSED] - Object: 'Object Repository/Register/Page_Advantage Shopping/svg_CHECKOUT  (0.00)_menuUser' is clicked on

12-02-2024T11:10:32 - [TEST_STEP][PASSED] - click(findTestObject("Object Repository/Register/Page_Advantage Shopping/a_CREATE NEW ACCOUNT")): Object: 'Object Repository/Register/Page_Advantage Shopping/a_CREATE NEW ACCOUNT' is clicked on

12-02-2024T11:10:33 - [MESSAGE][PASSED] - Object: 'Object Repository/Register/Page_Advantage Shopping/a_CREATE NEW ACCOUNT' is clicked on

12-02-2024T11:10:33 - [TEST_STEP][PASSED] - setText(findTestObject("Object Repository/Register/Page_Advantage Shopping/input__usernameRegisterPage"), Username): Text 'dika12' is set on object 'Object Repository/Register/Page_Advantage Shopping/input__usernameRegisterPage'

12-02-2024T11:10:34 - [MESSAGE][PASSED] - Text 'dika12' is set on object 'Object Repository/Register/Page_Advantage Shopping/input__usernameRegisterPage'

12-02-2024T11:10:34 - [TEST_STEP][PASSED] - setText(findTestObject("Object Repository/Register/Page_Advantage Shopping/input_Email_emailRegisterPage"), Email): Text 'dika12@gmail.com' is set on object 'Object Repository/Register/Page_Advantage Shopping/input_Email_emailRegisterPage'

12-02-2024T11:10:36 - [MESSAGE][PASSED] - Text 'dika12@gmail.com' is set on object 'Object Repository/Register/Page_Advantage Shopping/input_Email_emailRegisterPage'

12-02-2024T11:10:36 - [TEST_STEP][PASSED] - setText(findTestObject("Object Repository/Register/Page_Advantage Shopping/input__passwordRegisterPage"), Password): Text 'Dika123' is set on object 'Object Repository/Register/Page_Advantage Shopping/input__passwordRegisterPage'

12-02-2024T11:10:37 - [MESSAGE][PASSED] - Text 'Dika123' is set on object 'Object Repository/Register/Page_Advantage Shopping/input__passwordRegisterPage'

12-02-2024T11:10:37 - [TEST_STEP][PASSED] - setText(findTestObject("Object Repository/Register/Page_Advantage Shopping/input__confirm_passwordRegisterPage"), Confirm_Password): Text 'Dika123' is set on object 'Object Repository/Register/Page_Advantage Shopping/input__confirm_passwordRegisterPage'

12-02-2024T11:10:38 - [MESSAGE][PASSED] - Text 'Dika123' is set on object 'Object Repository/Register/Page_Advantage Shopping/input__confirm_passwordRegisterPage'

12-02-2024T11:10:38 - [TEST_STEP][PASSED] - username = getAttribute(findTestObject("Object Repository/Register/Page_Advantage Shopping/input__usernameRegisterPage"), "value"): Attribute 'value' of object 'Object Repository/Register/Page_Advantage Shopping/input__usernameRegisterPage' is: 'dika12'

12-02-2024T11:10:38 - [MESSAGE][PASSED] - Attribute 'value' of object 'Object Repository/Register/Page_Advantage Shopping/input__usernameRegisterPage' is: 'dika12'

12-02-2024T11:10:38 - [TEST_STEP][PASSED] - email = getAttribute(findTestObject("Object Repository/Register/Page_Advantage Shopping/input_Email_emailRegisterPage"), "value"): Attribute 'value' of object 'Object Repository/Register/Page_Advantage Shopping/input_Email_emailRegisterPage' is: 'dika12@gmail.com'

12-02-2024T11:10:39 - [MESSAGE][PASSED] - Attribute 'value' of object 'Object Repository/Register/Page_Advantage Shopping/input_Email_emailRegisterPage' is: 'dika12@gmail.com'

12-02-2024T11:10:39 - [TEST_STEP][PASSED] - password = getAttribute(findTestObject("Object Repository/Register/Page_Advantage Shopping/input__passwordRegisterPage"), "value"): Attribute 'value' of object 'Object Repository/Register/Page_Advantage Shopping/input__passwordRegisterPage' is: 'Dika123'

12-02-2024T11:10:39 - [MESSAGE][PASSED] - Attribute 'value' of object 'Object Repository/Register/Page_Advantage Shopping/input__passwordRegisterPage' is: 'Dika123'

12-02-2024T11:10:39 - [TEST_STEP][PASSED] - ConfirmPassword = getAttribute(findTestObject("Object Repository/Register/Page_Advantage Shopping/input__confirm_passwordRegisterPage"), "value"): Attribute 'value' of object 'Object Repository/Register/Page_Advantage Shopping/input__confirm_passwordRegisterPage' is: 'Dika123'

12-02-2024T11:10:39 - [MESSAGE][PASSED] - Attribute 'value' of object 'Object Repository/Register/Page_Advantage Shopping/input__confirm_passwordRegisterPage' is: 'Dika123'

12-02-2024T11:10:39 - [TEST_STEP][PASSED] - if (username != "" && email != "" && password != "" && ConfirmPassword != ""): Object: 'Object Repository/Register/Page_Advantage Shopping/button_REGISTER' is clicked on

12-02-2024T11:10:39 - [TEST_STEP][PASSED] - check(findTestObject("Object Repository/Register/Page_Advantage Shopping/Page_Advantage Shopping/input_Receive exclusive offers and promotions from Advantage_i_agree")): Object 'Object Repository/Register/Page_Advantage Shopping/Page_Advantage Shopping/input_Receive exclusive offers and promotions from Advantage_i_agree' is checked

12-02-2024T11:10:40 - [MESSAGE][PASSED] - Object 'Object Repository/Register/Page_Advantage Shopping/Page_Advantage Shopping/input_Receive exclusive offers and promotions from Advantage_i_agree' is checked

12-02-2024T11:10:40 - [TEST_STEP][PASSED] - click(findTestObject("Object Repository/Register/Page_Advantage Shopping/button_REGISTER")): Object: 'Object Repository/Register/Page_Advantage Shopping/button_REGISTER' is clicked on

12-02-2024T11:10:40 - [MESSAGE][PASSED] - Object: 'Object Repository/Register/Page_Advantage Shopping/button_REGISTER' is clicked on

12-02-2024T11:10:40 - [TEST_STEP][PASSED] - verif = verifyElementVisible(findTestObject("Object Repository/Register/Page_Advantage Shopping/namaakun"), OPTIONAL): Object 'Object Repository/Register/Page_Advantage Shopping/namaakun' is NOT visible (Root cause: com.kms.katalon.core.exception.StepFailedException: Object 'Object Repository/Register/Page_Advantage Shopping/namaakun' is NOT visible
	at com.kms.katalon.core.webui.keyword.internal.WebUIKeywordMain.stepFailed(WebUIKeywordMain.groovy:64)
	at com.kms.katalon.core.webui.keyword.builtin.VerifyElementVisibleKeyword$_verifyElementVisible_closure1.doCall(VerifyElementVisibleKeyword.groovy:83)
	at com.kms.katalon.core.webui.keyword.builtin.VerifyElementVisibleKeyword$_verifyElementVisible_closure1.call(VerifyElementVisibleKeyword.groovy)
	at com.kms.katalon.core.webui.keyword.internal.WebUIKeywordMain.runKeyword(WebUIKeywordMain.groovy:20)
	at com.kms.katalon.core.webui.keyword.builtin.VerifyElementVisibleKeyword.verifyElementVisible(VerifyElementVisibleKeyword.groovy:97)
	at com.kms.katalon.core.webui.keyword.builtin.VerifyElementVisibleKeyword.execute(VerifyElementVisibleKeyword.groovy:67)
	at com.kms.katalon.core.keyword.internal.KeywordExecutor.executeKeywordForPlatform(KeywordExecutor.groovy:74)
	at com.kms.katalon.core.webui.keyword.WebUiBuiltInKeywords.verifyElementVisible(WebUiBuiltInKeywords.groovy:401)
	at Registration.run(Registration:56)
	at com.kms.katalon.core.main.ScriptEngine.run(ScriptEngine.java:194)
	at com.kms.katalon.core.main.ScriptEngine.runScriptAsRawText(ScriptEngine.java:119)
	at com.kms.katalon.core.main.TestCaseExecutor.runScript(TestCaseExecutor.java:448)
	at com.kms.katalon.core.main.TestCaseExecutor.doExecute(TestCaseExecutor.java:439)
	at com.kms.katalon.core.main.TestCaseExecutor.processExecutionPhase(TestCaseExecutor.java:418)
	at com.kms.katalon.core.main.TestCaseExecutor.accessMainPhase(TestCaseExecutor.java:410)
	at com.kms.katalon.core.main.TestCaseExecutor.execute(TestCaseExecutor.java:285)
	at com.kms.katalon.core.common.CommonExecutor.accessTestCaseMainPhase(CommonExecutor.java:65)
	at com.kms.katalon.core.main.TestSuiteExecutor.accessTestSuiteMainPhase(TestSuiteExecutor.java:148)
	at com.kms.katalon.core.main.TestSuiteExecutor.execute(TestSuiteExecutor.java:106)
	at com.kms.katalon.core.main.TestCaseMain.startTestSuite(TestCaseMain.java:180)
	at TempTestSuite1707710976568.run(TempTestSuite1707710976568.groovy:36)
	at java.base/jdk.internal.reflect.NativeMethodAccessorImpl.invoke0(Native Method)
	at java.base/jdk.internal.reflect.NativeMethodAccessorImpl.invoke(NativeMethodAccessorImpl.java:77)
	at java.base/jdk.internal.reflect.DelegatingMethodAccessorImpl.invoke(DelegatingMethodAccessorImpl.java:43)
)

12-02-2024T11:10:41 - [MESSAGE][WARNING] - Object 'Object Repository/Register/Page_Advantage Shopping/namaakun' is NOT visible (Root cause: com.kms.katalon.core.exception.StepFailedException: Object 'Object Repository/Register/Page_Advantage Shopping/namaakun' is NOT visible
	at com.kms.katalon.core.webui.keyword.internal.WebUIKeywordMain.stepFailed(WebUIKeywordMain.groovy:64)
	at com.kms.katalon.core.webui.keyword.builtin.VerifyElementVisibleKeyword$_verifyElementVisible_closure1.doCall(VerifyElementVisibleKeyword.groovy:83)
	at com.kms.katalon.core.webui.keyword.builtin.VerifyElementVisibleKeyword$_verifyElementVisible_closure1.call(VerifyElementVisibleKeyword.groovy)
	at com.kms.katalon.core.webui.keyword.internal.WebUIKeywordMain.runKeyword(WebUIKeywordMain.groovy:20)
	at com.kms.katalon.core.webui.keyword.builtin.VerifyElementVisibleKeyword.verifyElementVisible(VerifyElementVisibleKeyword.groovy:97)
	at com.kms.katalon.core.webui.keyword.builtin.VerifyElementVisibleKeyword.execute(VerifyElementVisibleKeyword.groovy:67)
	at com.kms.katalon.core.keyword.internal.KeywordExecutor.executeKeywordForPlatform(KeywordExecutor.groovy:74)
	at com.kms.katalon.core.webui.keyword.WebUiBuiltInKeywords.verifyElementVisible(WebUiBuiltInKeywords.groovy:401)
	at Registration.run(Registration:56)
	at com.kms.katalon.core.main.ScriptEngine.run(ScriptEngine.java:194)
	at com.kms.katalon.core.main.ScriptEngine.runScriptAsRawText(ScriptEngine.java:119)
	at com.kms.katalon.core.main.TestCaseExecutor.runScript(TestCaseExecutor.java:448)
	at com.kms.katalon.core.main.TestCaseExecutor.doExecute(TestCaseExecutor.java:439)
	at com.kms.katalon.core.main.TestCaseExecutor.processExecutionPhase(TestCaseExecutor.java:418)
	at com.kms.katalon.core.main.TestCaseExecutor.accessMainPhase(TestCaseExecutor.java:410)
	at com.kms.katalon.core.main.TestCaseExecutor.execute(TestCaseExecutor.java:285)
	at com.kms.katalon.core.common.CommonExecutor.accessTestCaseMainPhase(CommonExecutor.java:65)
	at com.kms.katalon.core.main.TestSuiteExecutor.accessTestSuiteMainPhase(TestSuiteExecutor.java:148)
	at com.kms.katalon.core.main.TestSuiteExecutor.execute(TestSuiteExecutor.java:106)
	at com.kms.katalon.core.main.TestCaseMain.startTestSuite(TestCaseMain.java:180)
	at TempTestSuite1707710976568.run(TempTestSuite1707710976568.groovy:36)
	at java.base/jdk.internal.reflect.NativeMethodAccessorImpl.invoke0(Native Method)
	at java.base/jdk.internal.reflect.NativeMethodAccessorImpl.invoke(NativeMethodAccessorImpl.java:77)
	at java.base/jdk.internal.reflect.DelegatingMethodAccessorImpl.invoke(DelegatingMethodAccessorImpl.java:43)
)
[[ATTACHMENT|C:\\Users\\rizky\\git\\FinalProject\\Reports\\20240212_110936\\User Management\\20240212_110936\\1707711041799.png]]

12-02-2024T11:10:41 - [TEST_STEP][PASSED] - if (verif): null

12-02-2024T11:10:41 - [TEST_STEP][PASSED] - else: null

12-02-2024T11:10:41 - [TEST_STEP][PASSED] - println("Akun sudah terdaftar, silahkan login atau klik lupa password"): null]]></system-out>
         <system-err><![CDATA[]]></system-err>
      </testcase>
      <testcase name="Test Cases/Profile Update" time="20.548" classname="Test Cases/Profile Update" status="PASSED">
         <system-out><![CDATA[12-02-2024T11:10:41 - [TEST_CASE][PASSED] - Test Cases/Profile Update: Test Cases/Profile Update

12-02-2024T11:10:42 - [TEST_STEP][PASSED] - openBrowser(""): Browser is opened with url: ''

12-02-2024T11:10:42 - [MESSAGE][WARNING] - A browser is already opened. Closing browser and opening a new one

12-02-2024T11:10:42 - [MESSAGE][INFO] - Starting 'Chrome' driver

12-02-2024T11:10:42 - [MESSAGE][INFO] - Action delay is set to 0 milliseconds

12-02-2024T11:10:42 - [MESSAGE][PASSED] - Browser is opened with url: ''

12-02-2024T11:10:42 - [TEST_STEP][PASSED] - navigateToUrl(url): Navigate to 'https://advantageonlineshopping.com/#/' successfully

12-02-2024T11:10:45 - [MESSAGE][PASSED] - Navigate to 'https://advantageonlineshopping.com/#/' successfully

12-02-2024T11:10:45 - [TEST_STEP][PASSED] - click(findTestObject("Object Repository/Update Profile/Page_Advantage Shopping/a_My account                        My orde_124641")): Object: 'Object Repository/Update Profile/Page_Advantage Shopping/a_My account                        My orde_124641' is clicked on

12-02-2024T11:10:49 - [MESSAGE][PASSED] - Object: 'Object Repository/Update Profile/Page_Advantage Shopping/a_My account                        My orde_124641' is clicked on

12-02-2024T11:10:49 - [TEST_STEP][PASSED] - setText(findTestObject("Object Repository/Update Profile/Page_Advantage Shopping/input_OR_username"), "Demo12"): Text 'Demo12' is set on object 'Object Repository/Update Profile/Page_Advantage Shopping/input_OR_username'

12-02-2024T11:10:50 - [MESSAGE][PASSED] - Text 'Demo12' is set on object 'Object Repository/Update Profile/Page_Advantage Shopping/input_OR_username'

12-02-2024T11:10:50 - [TEST_STEP][PASSED] - setEncryptedText(findTestObject("Object Repository/Update Profile/Page_Advantage Shopping/input_Username_password"), "2Z8wDPWkLz0="): Text ****** has been set on object 'Object Repository/Update Profile/Page_Advantage Shopping/input_Username_password'

12-02-2024T11:10:51 - [MESSAGE][PASSED] - Text ****** has been set on object 'Object Repository/Update Profile/Page_Advantage Shopping/input_Username_password'

12-02-2024T11:10:51 - [TEST_STEP][PASSED] - sendKeys(findTestObject("Object Repository/Update Profile/Page_Advantage Shopping/input_Username_password"), Keys.chord(ENTER)): Keys 'ENTER + ' sent to object: 'Object Repository/Update Profile/Page_Advantage Shopping/input_Username_password'

12-02-2024T11:10:51 - [MESSAGE][PASSED] - Keys 'ENTER + ' sent to object: 'Object Repository/Update Profile/Page_Advantage Shopping/input_Username_password'

12-02-2024T11:10:51 - [TEST_STEP][PASSED] - click(findTestObject("Object Repository/Update Profile/Page_Advantage Shopping/a_Demo12                                   _9e9cae")): Object: 'Object Repository/Update Profile/Page_Advantage Shopping/a_Demo12                                   _9e9cae' is clicked on

12-02-2024T11:10:53 - [MESSAGE][PASSED] - Object: 'Object Repository/Update Profile/Page_Advantage Shopping/a_Demo12                                   _9e9cae' is clicked on

12-02-2024T11:10:53 - [TEST_STEP][PASSED] - click(findTestObject("Object Repository/Update Profile/Page_Advantage Shopping/label_My account")): Object: 'Object Repository/Update Profile/Page_Advantage Shopping/label_My account' is clicked on

12-02-2024T11:10:53 - [MESSAGE][PASSED] - Object: 'Object Repository/Update Profile/Page_Advantage Shopping/label_My account' is clicked on

12-02-2024T11:10:53 - [TEST_STEP][PASSED] - click(findTestObject("Object Repository/Update Profile/Page_Advantage Shopping/a_Edit")): Object: 'Object Repository/Update Profile/Page_Advantage Shopping/a_Edit' is clicked on

12-02-2024T11:10:55 - [MESSAGE][PASSED] - Object: 'Object Repository/Update Profile/Page_Advantage Shopping/a_Edit' is clicked on

12-02-2024T11:10:55 - [TEST_STEP][PASSED] - setText(findTestObject("Object Repository/Update Profile/Page_Advantage Shopping/input__emailAccountDetails"), "demo1234@gmail.com"): Text 'demo1234@gmail.com' is set on object 'Object Repository/Update Profile/Page_Advantage Shopping/input__emailAccountDetails'

12-02-2024T11:10:57 - [MESSAGE][PASSED] - Text 'demo1234@gmail.com' is set on object 'Object Repository/Update Profile/Page_Advantage Shopping/input__emailAccountDetails'

12-02-2024T11:10:57 - [TEST_STEP][PASSED] - setText(findTestObject("Object Repository/Update Profile/Page_Advantage Shopping/input_PERSONAL DETAILS_first_nameAccountDetails"), "Demo112"): Text 'Demo112' is set on object 'Object Repository/Update Profile/Page_Advantage Shopping/input_PERSONAL DETAILS_first_nameAccountDetails'

12-02-2024T11:10:58 - [MESSAGE][PASSED] - Text 'Demo112' is set on object 'Object Repository/Update Profile/Page_Advantage Shopping/input_PERSONAL DETAILS_first_nameAccountDetails'

12-02-2024T11:10:58 - [TEST_STEP][PASSED] - selectOptionByValue(findTestObject("Object Repository/Update Profile/Page_Advantage Shopping/select_AfganistanAlbaniaAlgeriaAmerican Sam_3cef8a"), "object:323", true): All options with value 'object:323' are selected in object 'Object Repository/Update Profile/Page_Advantage Shopping/select_AfganistanAlbaniaAlgeriaAmerican Sam_3cef8a'  using regular expression

12-02-2024T11:11:00 - [MESSAGE][PASSED] - All options with value 'object:323' are selected in object 'Object Repository/Update Profile/Page_Advantage Shopping/select_AfganistanAlbaniaAlgeriaAmerican Sam_3cef8a'  using regular expression

12-02-2024T11:11:00 - [TEST_STEP][PASSED] - setText(findTestObject("Object Repository/Update Profile/Page_Advantage Shopping/input_Country_cityAccountDetails"), "Jakarta"): Text 'Jakarta' is set on object 'Object Repository/Update Profile/Page_Advantage Shopping/input_Country_cityAccountDetails'

12-02-2024T11:11:01 - [MESSAGE][PASSED] - Text 'Jakarta' is set on object 'Object Repository/Update Profile/Page_Advantage Shopping/input_Country_cityAccountDetails'

12-02-2024T11:11:01 - [TEST_STEP][PASSED] - click(findTestObject("Object Repository/Update Profile/Page_Advantage Shopping/button_SAVE")): Object: 'Object Repository/Update Profile/Page_Advantage Shopping/button_SAVE' is clicked on

12-02-2024T11:11:02 - [MESSAGE][PASSED] - Object: 'Object Repository/Update Profile/Page_Advantage Shopping/button_SAVE' is clicked on]]></system-out>
         <system-err><![CDATA[]]></system-err>
      </testcase>
      <testcase name="Test Cases/Login" time="11.874" classname="Test Cases/Login" status="PASSED">
         <system-out><![CDATA[12-02-2024T11:11:02 - [TEST_CASE][PASSED] - Test Cases/Login: Test Cases/Login

12-02-2024T11:11:02 - [TEST_STEP][PASSED] - openBrowser(""): Browser is opened with url: ''

12-02-2024T11:11:02 - [MESSAGE][WARNING] - A browser is already opened. Closing browser and opening a new one

12-02-2024T11:11:02 - [MESSAGE][INFO] - Starting 'Chrome' driver

12-02-2024T11:11:02 - [MESSAGE][INFO] - Action delay is set to 0 milliseconds

12-02-2024T11:11:03 - [MESSAGE][PASSED] - Browser is opened with url: ''

12-02-2024T11:11:03 - [TEST_STEP][PASSED] - navigateToUrl(url): Navigate to 'https://advantageonlineshopping.com/#/' successfully

12-02-2024T11:11:05 - [MESSAGE][PASSED] - Navigate to 'https://advantageonlineshopping.com/#/' successfully

12-02-2024T11:11:05 - [TEST_STEP][PASSED] - click(findTestObject("Object Repository/Login/Page_Advantage Shopping/svg_CHECKOUT  (0.00)_menuUser")): Object: 'Object Repository/Login/Page_Advantage Shopping/svg_CHECKOUT  (0.00)_menuUser' is clicked on

12-02-2024T11:11:11 - [MESSAGE][PASSED] - Object: 'Object Repository/Login/Page_Advantage Shopping/svg_CHECKOUT  (0.00)_menuUser' is clicked on

12-02-2024T11:11:11 - [TEST_STEP][PASSED] - setText(findTestObject("Object Repository/Login/Page_Advantage Shopping/input_OR_username"), username): Text 'Cikal1' is set on object 'Object Repository/Login/Page_Advantage Shopping/input_OR_username'

12-02-2024T11:11:12 - [MESSAGE][PASSED] - Text 'Cikal1' is set on object 'Object Repository/Login/Page_Advantage Shopping/input_OR_username'

12-02-2024T11:11:12 - [TEST_STEP][PASSED] - setText(findTestObject("Object Repository/Login/Page_Advantage Shopping/input_Username_password"), password): Text 'Cikal123' is set on object 'Object Repository/Login/Page_Advantage Shopping/input_Username_password'

12-02-2024T11:11:13 - [MESSAGE][PASSED] - Text 'Cikal123' is set on object 'Object Repository/Login/Page_Advantage Shopping/input_Username_password'

12-02-2024T11:11:13 - [TEST_STEP][PASSED] - click(findTestObject("Object Repository/Login/Page_Advantage Shopping/button_SIGN IN")): Object: 'Object Repository/Login/Page_Advantage Shopping/button_SIGN IN' is clicked on

12-02-2024T11:11:14 - [MESSAGE][PASSED] - Object: 'Object Repository/Login/Page_Advantage Shopping/button_SIGN IN' is clicked on]]></system-out>
         <system-err><![CDATA[]]></system-err>
      </testcase>
      <testcase name="Test Cases/Login" time="11.827" classname="Test Cases/Login" status="PASSED">
         <system-out><![CDATA[12-02-2024T11:11:14 - [TEST_CASE][PASSED] - Test Cases/Login: Test Cases/Login

12-02-2024T11:11:14 - [TEST_STEP][PASSED] - openBrowser(""): Browser is opened with url: ''

12-02-2024T11:11:14 - [MESSAGE][WARNING] - A browser is already opened. Closing browser and opening a new one

12-02-2024T11:11:14 - [MESSAGE][INFO] - Starting 'Chrome' driver

12-02-2024T11:11:14 - [MESSAGE][INFO] - Action delay is set to 0 milliseconds

12-02-2024T11:11:15 - [MESSAGE][PASSED] - Browser is opened with url: ''

12-02-2024T11:11:15 - [TEST_STEP][PASSED] - navigateToUrl(url): Navigate to 'https://advantageonlineshopping.com/#/' successfully

12-02-2024T11:11:17 - [MESSAGE][PASSED] - Navigate to 'https://advantageonlineshopping.com/#/' successfully

12-02-2024T11:11:17 - [TEST_STEP][PASSED] - click(findTestObject("Object Repository/Login/Page_Advantage Shopping/svg_CHECKOUT  (0.00)_menuUser")): Object: 'Object Repository/Login/Page_Advantage Shopping/svg_CHECKOUT  (0.00)_menuUser' is clicked on

12-02-2024T11:11:23 - [MESSAGE][PASSED] - Object: 'Object Repository/Login/Page_Advantage Shopping/svg_CHECKOUT  (0.00)_menuUser' is clicked on

12-02-2024T11:11:23 - [TEST_STEP][PASSED] - setText(findTestObject("Object Repository/Login/Page_Advantage Shopping/input_OR_username"), username): Text 'Fariz123' is set on object 'Object Repository/Login/Page_Advantage Shopping/input_OR_username'

12-02-2024T11:11:24 - [MESSAGE][PASSED] - Text 'Fariz123' is set on object 'Object Repository/Login/Page_Advantage Shopping/input_OR_username'

12-02-2024T11:11:24 - [TEST_STEP][PASSED] - setText(findTestObject("Object Repository/Login/Page_Advantage Shopping/input_Username_password"), password): Text 'Fariz123' is set on object 'Object Repository/Login/Page_Advantage Shopping/input_Username_password'

12-02-2024T11:11:25 - [MESSAGE][PASSED] - Text 'Fariz123' is set on object 'Object Repository/Login/Page_Advantage Shopping/input_Username_password'

12-02-2024T11:11:25 - [TEST_STEP][PASSED] - click(findTestObject("Object Repository/Login/Page_Advantage Shopping/button_SIGN IN")): Object: 'Object Repository/Login/Page_Advantage Shopping/button_SIGN IN' is clicked on

12-02-2024T11:11:26 - [MESSAGE][PASSED] - Object: 'Object Repository/Login/Page_Advantage Shopping/button_SIGN IN' is clicked on]]></system-out>
         <system-err><![CDATA[]]></system-err>
      </testcase>
      <testcase name="Test Cases/Login" time="11.873" classname="Test Cases/Login" status="PASSED">
         <system-out><![CDATA[12-02-2024T11:11:26 - [TEST_CASE][PASSED] - Test Cases/Login: Test Cases/Login

12-02-2024T11:11:26 - [TEST_STEP][PASSED] - openBrowser(""): Browser is opened with url: ''

12-02-2024T11:11:26 - [MESSAGE][WARNING] - A browser is already opened. Closing browser and opening a new one

12-02-2024T11:11:26 - [MESSAGE][INFO] - Starting 'Chrome' driver

12-02-2024T11:11:26 - [MESSAGE][INFO] - Action delay is set to 0 milliseconds

12-02-2024T11:11:27 - [MESSAGE][PASSED] - Browser is opened with url: ''

12-02-2024T11:11:27 - [TEST_STEP][PASSED] - navigateToUrl(url): Navigate to 'https://advantageonlineshopping.com/#/' successfully

12-02-2024T11:11:29 - [MESSAGE][PASSED] - Navigate to 'https://advantageonlineshopping.com/#/' successfully

12-02-2024T11:11:29 - [TEST_STEP][PASSED] - click(findTestObject("Object Repository/Login/Page_Advantage Shopping/svg_CHECKOUT  (0.00)_menuUser")): Object: 'Object Repository/Login/Page_Advantage Shopping/svg_CHECKOUT  (0.00)_menuUser' is clicked on

12-02-2024T11:11:35 - [MESSAGE][PASSED] - Object: 'Object Repository/Login/Page_Advantage Shopping/svg_CHECKOUT  (0.00)_menuUser' is clicked on

12-02-2024T11:11:35 - [TEST_STEP][PASSED] - setText(findTestObject("Object Repository/Login/Page_Advantage Shopping/input_OR_username"), username): Text 'dika12' is set on object 'Object Repository/Login/Page_Advantage Shopping/input_OR_username'

12-02-2024T11:11:36 - [MESSAGE][PASSED] - Text 'dika12' is set on object 'Object Repository/Login/Page_Advantage Shopping/input_OR_username'

12-02-2024T11:11:36 - [TEST_STEP][PASSED] - setText(findTestObject("Object Repository/Login/Page_Advantage Shopping/input_Username_password"), password): Text 'Dika123' is set on object 'Object Repository/Login/Page_Advantage Shopping/input_Username_password'

12-02-2024T11:11:37 - [MESSAGE][PASSED] - Text 'Dika123' is set on object 'Object Repository/Login/Page_Advantage Shopping/input_Username_password'

12-02-2024T11:11:37 - [TEST_STEP][PASSED] - click(findTestObject("Object Repository/Login/Page_Advantage Shopping/button_SIGN IN")): Object: 'Object Repository/Login/Page_Advantage Shopping/button_SIGN IN' is clicked on

12-02-2024T11:11:38 - [MESSAGE][PASSED] - Object: 'Object Repository/Login/Page_Advantage Shopping/button_SIGN IN' is clicked on]]></system-out>
         <system-err><![CDATA[]]></system-err>
      </testcase>
      <system-out><![CDATA[12-02-2024T11:09:39 - [TEST_SUITE][PASSED] - User Management: Test Cases/Login]]></system-out>
      <system-err><![CDATA[]]></system-err>
   </testsuite>
</testsuites>
